# JRE version: Java(TM) SE Runtime Environment (8.0_151-b12) (build 1.8.0_151-b12)
# Java VM: Java HotSpot(TM) 64-Bit Server VM (25.151-b12 mixed mode windows-amd64 compressed oops)
Heap:
 PSYoungGen      total 18944K, used 12092K [0x00000000eb100000, 0x00000000ed600000, 0x0000000100000000)
  eden space 16384K, 73% used [0x00000000eb100000,0x00000000ebccf370,0x00000000ec100000)
  from space 2560K, 0% used [0x00000000ec100000,0x00000000ec100000,0x00000000ec380000)
  to   space 2560K, 0% used [0x00000000ed380000,0x00000000ed380000,0x00000000ed600000)
 ParOldGen       total 30208K, used 1749K [0x00000000c1200000, 0x00000000c2f80000, 0x00000000eb100000)
  object space 30208K, 5% used [0x00000000c1200000,0x00000000c13b5710,0x00000000c2f80000)
 Metaspace       used 12021K, capacity 12212K, committed 12544K, reserved 1067008K
  class space    used 1626K, capacity 1700K, committed 1792K, reserved 1048576K
GC Heap History (8 events):
Event: 0.135 GC heap before
{Heap before GC invocations=1 (full 0):
 PSYoungGen      total 18944K, used 16381K [0x00000000eb100000, 0x00000000ec600000, 0x0000000100000000)
  eden space 16384K, 99% used [0x00000000eb100000,0x00000000ec0ff730,0x00000000ec100000)
  from space 2560K, 0% used [0x00000000ec380000,0x00000000ec380000,0x00000000ec600000)
  to   space 2560K, 0% used [0x00000000ec100000,0x00000000ec100000,0x00000000ec380000)
 ParOldGen       total 44032K, used 0K [0x00000000c1200000, 0x00000000c3d00000, 0x00000000eb100000)
  object space 44032K, 0% used [0x00000000c1200000,0x00000000c1200000,0x00000000c3d00000)
 Metaspace       used 2724K, capacity 4550K, committed 4864K, reserved 1056768K
  class space    used 301K, capacity 386K, committed 512K, reserved 1048576K
Event: 0.137 GC heap after
Heap after GC invocations=1 (full 0):
 PSYoungGen      total 18944K, used 567K [0x00000000eb100000, 0x00000000ec600000, 0x0000000100000000)
  eden space 16384K, 0% used [0x00000000eb100000,0x00000000eb100000,0x00000000ec100000)
  from space 2560K, 22% used [0x00000000ec100000,0x00000000ec18dd38,0x00000000ec380000)
  to   space 2560K, 0% used [0x00000000ec380000,0x00000000ec380000,0x00000000ec600000)
 ParOldGen       total 44032K, used 8K [0x00000000c1200000, 0x00000000c3d00000, 0x00000000eb100000)
  object space 44032K, 0% used [0x00000000c1200000,0x00000000c1202000,0x00000000c3d00000)
 Metaspace       used 2724K, capacity 4550K, committed 4864K, reserved 1056768K
  class space    used 301K, capacity 386K, committed 512K, reserved 1048576K
}
Event: 0.234 GC heap before
{Heap before GC invocations=2 (full 0):
 PSYoungGen      total 18944K, used 16951K [0x00000000eb100000, 0x00000000ec600000, 0x0000000100000000)
  eden space 16384K, 100% used [0x00000000eb100000,0x00000000ec100000,0x00000000ec100000)
  from space 2560K, 22% used [0x00000000ec100000,0x00000000ec18dd38,0x00000000ec380000)
  to   space 2560K, 0% used [0x00000000ec380000,0x00000000ec380000,0x00000000ec600000)
 ParOldGen       total 44032K, used 8K [0x00000000c1200000, 0x00000000c3d00000, 0x00000000eb100000)
  object space 44032K, 0% used [0x00000000c1200000,0x00000000c1202000,0x00000000c3d00000)
 Metaspace       used 4003K, capacity 5132K, committed 5376K, reserved 1056768K
  class space    used 438K, capacity 456K, committed 512K, reserved 1048576K
Event: 0.235 GC heap after
Heap after GC invocations=2 (full 0):
 PSYoungGen      total 18944K, used 1246K [0x00000000eb100000, 0x00000000ed600000, 0x0000000100000000)
  eden space 16384K, 0% used [0x00000000eb100000,0x00000000eb100000,0x00000000ec100000)
  from space 2560K, 48% used [0x00000000ec380000,0x00000000ec4b79b8,0x00000000ec600000)
  to   space 2560K, 0% used [0x00000000ec100000,0x00000000ec100000,0x00000000ec380000)
 ParOldGen       total 44032K, used 16K [0x00000000c1200000, 0x00000000c3d00000, 0x00000000eb100000)
  object space 44032K, 0% used [0x00000000c1200000,0x00000000c1204000,0x00000000c3d00000)
 Metaspace       used 4003K, capacity 5132K, committed 5376K, reserved 1056768K
  class space    used 438K, capacity 456K, committed 512K, reserved 1048576K
}
Event: 0.360 GC heap before
{Heap before GC invocations=3 (full 0):
 PSYoungGen      total 18944K, used 6888K [0x00000000eb100000, 0x00000000ed600000, 0x0000000100000000)
  eden space 16384K, 34% used [0x00000000eb100000,0x00000000eb6829d8,0x00000000ec100000)
  from space 2560K, 48% used [0x00000000ec380000,0x00000000ec4b79b8,0x00000000ec600000)
  to   space 2560K, 0% used [0x00000000ec100000,0x00000000ec100000,0x00000000ec380000)
 ParOldGen       total 44032K, used 16K [0x00000000c1200000, 0x00000000c3d00000, 0x00000000eb100000)
  object space 44032K, 0% used [0x00000000c1200000,0x00000000c1204000,0x00000000c3d00000)
 Metaspace       used 5797K, capacity 6116K, committed 6272K, reserved 1064960K
  class space    used 723K, capacity 792K, committed 896K, reserved 1048576K
Event: 0.362 GC heap after
Heap after GC invocations=3 (full 0):
 PSYoungGen      total 18944K, used 1929K [0x00000000eb100000, 0x00000000ed600000, 0x0000000100000000)
  eden space 16384K, 0% used [0x00000000eb100000,0x00000000eb100000,0x00000000ec100000)
  from space 2560K, 75% used [0x00000000ec100000,0x00000000ec2e2460,0x00000000ec380000)
  to   space 2560K, 0% used [0x00000000ed380000,0x00000000ed380000,0x00000000ed600000)
 ParOldGen       total 44032K, used 24K [0x00000000c1200000, 0x00000000c3d00000, 0x00000000eb100000)
  object space 44032K, 0% used [0x00000000c1200000,0x00000000c1206000,0x00000000c3d00000)
 Metaspace       used 5797K, capacity 6116K, committed 6272K, reserved 1064960K
  class space    used 723K, capacity 792K, committed 896K, reserved 1048576K
}
Event: 0.362 GC heap before
{Heap before GC invocations=4 (full 1):
 PSYoungGen      total 18944K, used 1929K [0x00000000eb100000, 0x00000000ed600000, 0x0000000100000000)
  eden space 16384K, 0% used [0x00000000eb100000,0x00000000eb100000,0x00000000ec100000)
  from space 2560K, 75% used [0x00000000ec100000,0x00000000ec2e2460,0x00000000ec380000)
  to   space 2560K, 0% used [0x00000000ed380000,0x00000000ed380000,0x00000000ed600000)
 ParOldGen       total 44032K, used 24K [0x00000000c1200000, 0x00000000c3d00000, 0x00000000eb100000)
  object space 44032K, 0% used [0x00000000c1200000,0x00000000c1206000,0x00000000c3d00000)
 Metaspace       used 5797K, capacity 6116K, committed 6272K, reserved 1064960K
  class space    used 723K, capacity 792K, committed 896K, reserved 1048576K
Event: 0.371 GC heap after
Heap after GC invocations=4 (full 1):
 PSYoungGen      total 18944K, used 0K [0x00000000eb100000, 0x00000000ed600000, 0x0000000100000000)
  eden space 16384K, 0% used [0x00000000eb100000,0x00000000eb100000,0x00000000ec100000)
  from space 2560K, 0% used [0x00000000ec100000,0x00000000ec100000,0x00000000ec380000)
  to   space 2560K, 0% used [0x00000000ed380000,0x00000000ed380000,0x00000000ed600000)
 ParOldGen       total 30208K, used 1749K [0x00000000c1200000, 0x00000000c2f80000, 0x00000000eb100000)
  object space 30208K, 5% used [0x00000000c1200000,0x00000000c13b5710,0x00000000c2f80000)
 Metaspace       used 5797K, capacity 6116K, committed 6272K, reserved 1062912K
  class space    used 723K, capacity 792K, committed 896K, reserved 1048576K
}

